This is pdfTeX, Version 3.141592653-2.6-1.40.22 (TeX Live 2021) (preloaded format=pdflatex 2021.9.21)  26 MAR 2023 14:37
entering extended mode
 restricted \write18 enabled.
 file:line:error style messages enabled.
 %&-line parsing enabled.
**IntroTalk.tex
(./IntroTalk.tex
LaTeX2e <2020-10-01> patch level 4
L3 programming layer <2021-02-18>

./IntroTalk.tex:3: LaTeX Error: Missing \begin{document}.

See the LaTeX manual or LaTeX Companion for explanation.
Type  H <return>  for immediate help.
 ...                                              
                                                  
l.3 \begin{frame}[
                  label=TitlePage]
? 
Missing character: There is no [ in font nullfont!
Missing character: There is no l in font nullfont!
Missing character: There is no a in font nullfont!
Missing character: There is no b in font nullfont!
Missing character: There is no e in font nullfont!
Missing character: There is no l in font nullfont!
Missing character: There is no = in font nullfont!
Missing character: There is no T in font nullfont!
Missing character: There is no i in font nullfont!
Missing character: There is no t in font nullfont!
Missing character: There is no l in font nullfont!
Missing character: There is no e in font nullfont!
Missing character: There is no P in font nullfont!
Missing character: There is no a in font nullfont!
Missing character: There is no g in font nullfont!
Missing character: There is no e in font nullfont!
Missing character: There is no ] in font nullfont!

Overfull \hbox (20.0pt too wide) in paragraph at lines 3--4
[][] 
 []

./IntroTalk.tex:5: Undefined control sequence.
l.5 \textcolor
              [rgb]{0.2,0.2,0.7}{Structural and electronic instabilities in ...

? 
./IntroTalk.tex:5: Emergency stop.
l.5 \textcolor
              [rgb]{0.2,0.2,0.7}{Structural and electronic instabilities in ...
End of file on the terminal!

 
Here is how much of TeX's memory you used:
 16 strings out of 478994
 391 string characters out of 5858184
 283044 words of memory out of 5000000
 17602 multiletter control sequences out of 15000+600000
 403430 words of font info for 27 fonts, out of 8000000 for 9000
 1141 hyphenation exceptions out of 8191
 13i,3n,15p,115b,69s stack positions out of 5000i,500n,10000p,200000b,80000s
./IntroTalk.tex:5:  ==> Fatal error occurred, no output PDF file produced!
